Arguments: 
  C:\Program Files\nodejs\node.exe C:\Users\User\AppData\Roaming\npm\node_modules\yarn\bin\yarn.js add jwt-decode

PATH: 
  C:\Program Files\Git\mingw64\bin;C:\Program Files\Git\usr\bin;C:\Users\User\bin;C:\FFmpeg\bin;C:\Windows\system32;C:\Windows;C:\Windows\System32\Wbem;C:\Windows\System32\WindowsPowerShell\v1.0;C:\Windows\System32\OpenSSH;C:\Program Files (x86)\Common Files\Acronis\SnapAPI;C:\Users\User\AppData\Local\Microsoft\WindowsApps;C:\Program Files\Git\cmd;C:\Program Files (x86)\HP\Common\HPDestPlgIn;C:\Program Files\dotnet;C:\Program Files (x86)\dotnet;C:\Users\User\AppData\Local\Microsoft\WindowsApps;C:\Users\User\AppData\Local\Programs\Microsoft VS Code\bin;C:\Users\User\AppData\Roaming\npm;C:\Users\User\AppData\Local\GitHubDesktop\bin;C:\Program Files (x86)\HP\Common\HPDestPlgIn;C:\Program Files\heroku\bin;C:\adb;C:\Program Files\nodejs;I:\PROJECTS SITES\@databases\@mongo\MongoDB\Server\5.0\bin;I:\PROJECTS SITES\@databases\@mongo\mongosh-1.5.0-win32-x64\bin;%USERPROFILE%\AppData\Local\Microsoft\WindowsApps;C:\Users\User\AppData\Local\Programs\Microsoft VS Code\bin;C:\Users\User\AppData\Local\GitHubDesktop\bin;C:\Program Files (x86)\HP\Common\HPDestPlgIn;C:\Program Files\heroku\bin;C:\Users\User\AppData\Roaming\npm;%USERPROFILE%\.dotnet\tools;C:\xampp\php;C:\Users\User\AppData\Local\ComposerSetup\bin;C:\Users\User\AppData\Roaming\Composer\vendor\bin;C:\Users\User\yandex-cloud\bin

Yarn version: 
  1.22.18

Node version: 
  16.13.1

Platform: 
  win32 x64

Trace: 
  Error: EPERM: operation not permitted, unlink 'I:\PROJECTS SITES\projects\tiktik-svelte\node_modules\esbuild-windows-64\esbuild.exe'

npm manifest: 
  {
  	"name": "tiktik-svelte",
  	"version": "0.0.1",
  	"scripts": {
  		"dev": "vite dev",
  		"build": "vite build",
  		"package": "svelte-kit package",
  		"preview": "vite preview",
  		"prepare": "svelte-kit sync",
  		"test": "playwright test",
  		"check": "svelte-check --tsconfig ./tsconfig.json",
  		"check:watch": "svelte-check --tsconfig ./tsconfig.json --watch",
  		"lint": "prettier --check --plugin-search-dir=. . && eslint .",
  		"format": "prettier --write --plugin-search-dir=. ."
  	},
  	"devDependencies": {
  		"@iconify-json/mdi": "^1.1.29",
  		"@iconify/json": "^2.1.85",
  		"@playwright/test": "^1.22.2",
  		"@sveltejs/adapter-auto": "next",
  		"@sveltejs/adapter-netlify": "^1.0.0-next.71",
  		"@sveltejs/kit": "next",
  		"@typescript-eslint/eslint-plugin": "^5.27.0",
  		"@typescript-eslint/parser": "^5.27.0",
  		"@unocss/preset-attributify": "^0.45.1",
  		"@unocss/preset-wind": "^0.45.1",
  		"eslint": "^8.16.0",
  		"eslint-config-prettier": "^8.3.0",
  		"eslint-plugin-svelte3": "^4.0.0",
  		"prettier": "^2.6.2",
  		"prettier-plugin-svelte": "^2.7.0",
  		"sass": "^1.54.0",
  		"svelte": "^3.44.0",
  		"svelte-check": "^2.7.1",
  		"svelte-preprocess": "^4.10.6",
  		"svelte-windicss-preprocess": "^4.2.8",
  		"tslib": "^2.3.1",
  		"typescript": "^4.7.4",
  		"unocss": "^0.45.1",
  		"unplugin-icons": "^0.14.8",
  		"vite": "^3.0.0",
  		"vite-plugin-windicss": "^1.8.7",
  		"windicss": "^3.5.6"
  	},
  	"type": "module",
  	"dependencies": {
  		"@sanity/client": "^3.3.2",
  		"@unocss/reset": "^0.45.1",
  		"uikit": "^3.15.1"
  	}
  }

yarn manifest: 
  No manifest

Lockfile: 
  No lockfile
